0 info it worked if it ends with ok
1 verbose cli [ 'node', '/usr/local/bin/npm', 'publish' ]
2 info using npm@2.10.1
3 info using node@v0.12.4
4 verbose publish [ '.' ]
5 silly cache add args [ '.', null ]
6 verbose cache add spec .
7 silly cache add parsed spec { raw: '.',
7 silly cache add   scope: null,
7 silly cache add   name: null,
7 silly cache add   rawSpec: '.',
7 silly cache add   spec: '/Users/simon.staton/Documents/Projects/react-dom-parser',
7 silly cache add   type: 'directory' }
8 verbose addLocalDirectory /Users/simon.staton/.npm/react-dom-parser/0.1.0/package.tgz not in flight; packing
9 verbose tar pack [ '/Users/simon.staton/.npm/react-dom-parser/0.1.0/package.tgz',
9 verbose tar pack   '/Users/simon.staton/Documents/Projects/react-dom-parser' ]
10 verbose tarball /Users/simon.staton/.npm/react-dom-parser/0.1.0/package.tgz
11 verbose folder /Users/simon.staton/Documents/Projects/react-dom-parser
12 info prepublish react-dom-parser@0.1.0
13 verbose addLocalTarball adding from inside cache /Users/simon.staton/.npm/react-dom-parser/0.1.0/package.tgz
14 silly cache afterAdd react-dom-parser@0.1.0
15 verbose afterAdd /Users/simon.staton/.npm/react-dom-parser/0.1.0/package/package.json not in flight; writing
16 verbose afterAdd /Users/simon.staton/.npm/react-dom-parser/0.1.0/package/package.json written
17 silly publish { name: 'react-dom-parser',
17 silly publish   description: 'A DOM parser for the react library, used for instantiating react components declaratively',
17 silly publish   homepage: 'http://www.simonstaton.co.uk/',
17 silly publish   keywords: [ 'react', 'parser', 'dom', 'client', 'browser' ],
17 silly publish   author: { name: 'Simon Staton', email: 'simon.staton@live.co.uk' },
17 silly publish   repository:
17 silly publish    { type: 'git',
17 silly publish      url: 'git://github.com/simonstaton/React-DOM-Parser.git' },
17 silly publish   main: 'index.js',
17 silly publish   version: '0.1.0',
17 silly publish   devDependencies: { react: '^0.14.2', 'react-dom': '^0.14.2' },
17 silly publish   licenses:
17 silly publish    [ { type: 'MIT',
17 silly publish        url: 'https://github.com/simonstaton/React-DOM-Parser/blob/master/LICENSE' } ],
17 silly publish   files: [ 'index.js', 'parser.jsx', 'LICENSE', 'README.md' ],
17 silly publish   bugs: { url: 'https://github.com/simonstaton/React-DOM-Parser/issues' },
17 silly publish   maintainers: [ { name: 'simonstaton', email: 'simon.staton@live.co.uk' } ],
17 silly publish   scripts: { test: 'echo "Error: no test specified" && exit 1' },
17 silly publish   readme: '# React-DOM-Parser\nA DOM parser for the react.js library, used for instantiating react components declaratively.\n\n[view at npmjs.com](https://www.npmjs.com/package/react-dom-parser)\n\n## Installation\n\tnpm install react-dom-parser --save-dev\n\n## Example\n\nhtml declaration\n\n\t<div data-react-component="my-module" data-react-props="\n\t\tname: \'simon staton\',\n\t\tdata: {\n\t\t\tage: 23\n\t\t}\n\t"></div>\n\nBefore instantiating a react component you must first register it in the parsers registry.\n\t\n\tvar parser = require(\'react-dom-parser\');\n\n\tvar myReactComponent = React.createClass({\n\t\trender: function(){\n\t\t\treturn ...\n\t\t}\n\t});\n\n\tparser.register(\'my-module\', myReactComponent);\n\n\tparser.register({\n\t\tmy-module: myReactComponent\n\t});\n\nOnce modules have been registered you may parse the DOM to instantiate them\n\n\tparser.parse(document.getElementsByTagName("BODY")[0]);',
17 silly publish   readmeFilename: 'README.md',
17 silly publish   gitHead: '3f2e2df6dc8814ce9716b8186d24ad8eea3caa72',
17 silly publish   _id: 'react-dom-parser@0.1.0',
17 silly publish   _shasum: 'daca23af84d7777caa1927f637ffb28dc4b7f3a3',
17 silly publish   _from: '.' }
18 verbose getPublishConfig undefined
19 silly mapToRegistry name react-dom-parser
20 silly mapToRegistry using default registry
21 silly mapToRegistry registry https://registry.npmjs.org/
22 silly mapToRegistry uri https://registry.npmjs.org/react-dom-parser
23 verbose publish registryBase https://registry.npmjs.org/
24 silly publish uploading /Users/simon.staton/.npm/react-dom-parser/0.1.0/package.tgz
25 verbose request uri https://registry.npmjs.org/react-dom-parser
26 verbose request sending authorization for write operation
27 info attempt registry request try #1 at 10:32:18 AM
28 verbose request using bearer token for auth
29 verbose request id 609de925ec151309
30 http request PUT https://registry.npmjs.org/react-dom-parser
31 http 403 https://registry.npmjs.org/react-dom-parser
32 verbose headers { 'content-type': 'application/json',
32 verbose headers   'cache-control': 'max-age=60',
32 verbose headers   'content-length': '95',
32 verbose headers   'accept-ranges': 'bytes',
32 verbose headers   date: 'Tue, 17 Nov 2015 10:32:20 GMT',
32 verbose headers   via: '1.1 varnish',
32 verbose headers   connection: 'keep-alive',
32 verbose headers   'x-served-by': 'cache-lcy1123-LCY',
32 verbose headers   'x-cache': 'MISS',
32 verbose headers   'x-cache-hits': '0',
32 verbose headers   'x-timer': 'S1447756338.745736,VS0,VE1313' }
33 verbose request invalidating /Users/simon.staton/.npm/registry.npmjs.org/react-dom-parser on PUT
34 error publish Failed PUT 403
35 verbose stack Error: "You cannot publish over the previously published version 0.1.0." : react-dom-parser
35 verbose stack     at CachingRegistryClient.<anonymous> (/usr/local/lib/node_modules/npm/node_modules/npm-registry-client/lib/request.js:247:14)
35 verbose stack     at Request._callback (/usr/local/lib/node_modules/npm/node_modules/npm-registry-client/lib/request.js:170:14)
35 verbose stack     at Request.self.callback (/usr/local/lib/node_modules/npm/node_modules/request/request.js:368:22)
35 verbose stack     at Request.emit (events.js:110:17)
35 verbose stack     at Request.<anonymous> (/usr/local/lib/node_modules/npm/node_modules/request/request.js:1219:14)
35 verbose stack     at Request.emit (events.js:129:20)
35 verbose stack     at IncomingMessage.<anonymous> (/usr/local/lib/node_modules/npm/node_modules/request/request.js:1167:12)
35 verbose stack     at IncomingMessage.emit (events.js:129:20)
35 verbose stack     at _stream_readable.js:908:16
35 verbose stack     at process._tickCallback (node.js:355:11)
36 verbose statusCode 403
37 verbose pkgid react-dom-parser
38 verbose cwd /Users/simon.staton/Documents/Projects/react-dom-parser
39 error Darwin 14.3.0
40 error argv "node" "/usr/local/bin/npm" "publish"
41 error node v0.12.4
42 error npm  v2.10.1
43 error code E403
44 error "You cannot publish over the previously published version 0.1.0." : react-dom-parser
45 error If you need help, you may report this error at:
45 error     <https://github.com/npm/npm/issues>
46 verbose exit [ 1, true ]
